This file contains any messages produced by compilers while
running configure, to aid debugging if configure makes a mistake.

It was created by file_check configure 0.1, which was
generated by GNU Autoconf 2.63.  Invocation command line was

  $ ./configure CFLAGS=-g -O0 CXXFLAGS=-g -O0

## --------- ##
## Platform. ##
## --------- ##

hostname = bss-18
uname -m = x86_64
uname -r = 3.0.80-0.7-default
uname -s = Linux
uname -v = #1 SMP Tue Jun 25 18:32:49 UTC 2013 (25740f8)

/usr/bin/uname -p = unknown
/bin/uname -X     = unknown

/bin/arch              = x86_64
/usr/bin/arch -k       = unknown
/usr/convex/getsysinfo = unknown
/usr/bin/hostinfo      = unknown
/bin/machine           = unknown
/usr/bin/oslevel       = unknown
/bin/universe          = unknown

PATH: /usr/NX/bin
PATH: /sbin
PATH: /usr/sbin
PATH: /usr/local/sbin
PATH: /root/bin
PATH: /usr/local/bin
PATH: /usr/bin
PATH: /bin
PATH: /usr/bin/X11
PATH: /usr/X11R6/bin
PATH: /usr/games
PATH: /usr/lib/mit/bin
PATH: /usr/lib/mit/sbin
PATH: /usr/src/jdk1.6.0_10/bin
PATH: /usr/src/apache-ant-1.7.1/bin


## ----------- ##
## Core tests. ##
## ----------- ##

configure:1883: checking for a BSD-compatible install
configure:1951: result: /usr/bin/install -c
configure:1962: checking whether build environment is sane
configure:2005: result: yes
configure:2030: checking for a thread-safe mkdir -p
configure:2069: result: /bin/mkdir -p
configure:2082: checking for gawk
configure:2098: found /usr/bin/gawk
configure:2109: result: gawk
configure:2120: checking whether make sets $(MAKE)
configure:2142: result: yes
configure:2385: checking for g++
configure:2401: found /usr/bin/g++
configure:2412: result: g++
configure:2439: checking for C++ compiler version
configure:2447: g++ --version >&5
g++ (SUSE Linux) 4.3.4 [gcc-4_3-branch revision 152973]
Copyright (C) 2008 Free Software Foundation, Inc.
This is free software; see the source for copying conditions.  There is NO
warranty; not even for MERCHANTABILITY or FITNESS FOR A PARTICULAR PURPOSE.

configure:2451: $? = 0
configure:2458: g++ -v >&5
Using built-in specs.
Target: x86_64-suse-linux
Configured with: ../configure --prefix=/usr --infodir=/usr/share/info --mandir=/usr/share/man --libdir=/usr/lib64 --libexecdir=/usr/lib64 --enable-languages=c,c++,objc,fortran,obj-c++,java,ada --enable-checking=release --with-gxx-include-dir=/usr/include/c++/4.3 --enable-ssp --disable-libssp --with-bugurl=http://bugs.opensuse.org/ --with-pkgversion='SUSE Linux' --disable-libgcj --disable-libmudflap --with-slibdir=/lib64 --with-system-zlib --enable-__cxa_atexit --enable-libstdcxx-allocator=new --disable-libstdcxx-pch --enable-version-specific-runtime-libs --program-suffix=-4.3 --enable-linux-futex --without-system-libunwind --with-cpu=generic --build=x86_64-suse-linux
Thread model: posix
gcc version 4.3.4 [gcc-4_3-branch revision 152973] (SUSE Linux) 
configure:2462: $? = 0
configure:2469: g++ -V >&5
g++: '-V' option must have argument
configure:2473: $? = 1
configure:2496: checking for C++ compiler default output file name
configure:2518: g++ -g -O0   conftest.cpp  >&5
configure:2522: $? = 0
configure:2560: result: a.out
configure:2579: checking whether the C++ compiler works
configure:2589: ./a.out
configure:2593: $? = 0
configure:2612: result: yes
configure:2619: checking whether we are cross compiling
configure:2621: result: no
configure:2624: checking for suffix of executables
configure:2631: g++ -o conftest -g -O0   conftest.cpp  >&5
configure:2635: $? = 0
configure:2661: result: 
configure:2667: checking for suffix of object files
configure:2693: g++ -c -g -O0  conftest.cpp >&5
configure:2697: $? = 0
configure:2722: result: o
configure:2726: checking whether we are using the GNU C++ compiler
configure:2755: g++ -c -g -O0  conftest.cpp >&5
configure:2762: $? = 0
configure:2779: result: yes
configure:2788: checking whether g++ accepts -g
configure:2818: g++ -c -g  conftest.cpp >&5
configure:2825: $? = 0
configure:2926: result: yes
configure:2960: checking for style of include used by make
configure:2988: result: GNU
configure:3013: checking dependency style of g++
configure:3104: result: gcc3
configure:3167: checking for gcc
configure:3183: found /usr/bin/gcc
configure:3194: result: gcc
configure:3426: checking for C compiler version
configure:3434: gcc --version >&5
gcc (SUSE Linux) 4.3.4 [gcc-4_3-branch revision 152973]
Copyright (C) 2008 Free Software Foundation, Inc.
This is free software; see the source for copying conditions.  There is NO
warranty; not even for MERCHANTABILITY or FITNESS FOR A PARTICULAR PURPOSE.

configure:3438: $? = 0
configure:3445: gcc -v >&5
Using built-in specs.
Target: x86_64-suse-linux
Configured with: ../configure --prefix=/usr --infodir=/usr/share/info --mandir=/usr/share/man --libdir=/usr/lib64 --libexecdir=/usr/lib64 --enable-languages=c,c++,objc,fortran,obj-c++,java,ada --enable-checking=release --with-gxx-include-dir=/usr/include/c++/4.3 --enable-ssp --disable-libssp --with-bugurl=http://bugs.opensuse.org/ --with-pkgversion='SUSE Linux' --disable-libgcj --disable-libmudflap --with-slibdir=/lib64 --with-system-zlib --enable-__cxa_atexit --enable-libstdcxx-allocator=new --disable-libstdcxx-pch --enable-version-specific-runtime-libs --program-suffix=-4.3 --enable-linux-futex --without-system-libunwind --with-cpu=generic --build=x86_64-suse-linux
Thread model: posix
gcc version 4.3.4 [gcc-4_3-branch revision 152973] (SUSE Linux) 
configure:3449: $? = 0
configure:3456: gcc -V >&5
gcc: '-V' option must have argument
configure:3460: $? = 1
configure:3463: checking whether we are using the GNU C compiler
configure:3492: gcc -c -g -O0  conftest.c >&5
configure:3499: $? = 0
configure:3516: result: yes
configure:3525: checking whether gcc accepts -g
configure:3555: gcc -c -g  conftest.c >&5
configure:3562: $? = 0
configure:3663: result: yes
configure:3680: checking for gcc option to accept ISO C89
configure:3754: gcc  -c -g -O0  conftest.c >&5
configure:3761: $? = 0
configure:3784: result: none needed
configure:3804: checking dependency style of gcc
configure:3895: result: gcc3
configure:3915: checking for main in -ldl
configure:3944: gcc -o conftest -g -O0   conftest.c -ldl   >&5
configure:3951: $? = 0
configure:3972: result: yes
configure:3985: checking for main in -lpthread
configure:4014: gcc -o conftest -g -O0   conftest.c -lpthread  -ldl  >&5
configure:4021: $? = 0
configure:4042: result: yes
configure:4060: checking how to run the C preprocessor
configure:4100: gcc -E  conftest.c
configure:4107: $? = 0
configure:4138: gcc -E  conftest.c
conftest.c:12:28: error: ac_nonexistent.h: No such file or directory
configure:4145: $? = 1
configure: failed program was:
| /* confdefs.h.  */
| #define PACKAGE_NAME "file_check"
| #define PACKAGE_TARNAME "file_check"
| #define PACKAGE_VERSION "0.1"
| #define PACKAGE_STRING "file_check 0.1"
| #define PACKAGE_BUGREPORT "yuxiaofeng3@hisense.com"
| #define PACKAGE "file_check"
| #define VERSION "0.1"
| #define HAVE_LIBDL 1
| #define HAVE_LIBPTHREAD 1
| /* end confdefs.h.  */
| #include <ac_nonexistent.h>
configure:4178: result: gcc -E
configure:4207: gcc -E  conftest.c
configure:4214: $? = 0
configure:4245: gcc -E  conftest.c
conftest.c:12:28: error: ac_nonexistent.h: No such file or directory
configure:4252: $? = 1
configure: failed program was:
| /* confdefs.h.  */
| #define PACKAGE_NAME "file_check"
| #define PACKAGE_TARNAME "file_check"
| #define PACKAGE_VERSION "0.1"
| #define PACKAGE_STRING "file_check 0.1"
| #define PACKAGE_BUGREPORT "yuxiaofeng3@hisense.com"
| #define PACKAGE "file_check"
| #define VERSION "0.1"
| #define HAVE_LIBDL 1
| #define HAVE_LIBPTHREAD 1
| /* end confdefs.h.  */
| #include <ac_nonexistent.h>
configure:4292: checking for grep that handles long lines and -e
configure:4352: result: /usr/bin/grep
configure:4357: checking for egrep
configure:4421: result: /usr/bin/grep -E
configure:4426: checking for ANSI C header files
configure:4456: gcc -c -g -O0  conftest.c >&5
configure:4463: $? = 0
configure:4562: gcc -o conftest -g -O0   conftest.c -lpthread -ldl  >&5
configure:4566: $? = 0
configure:4572: ./conftest
configure:4576: $? = 0
configure:4594: result: yes
configure:4618: checking for sys/types.h
configure:4639: gcc -c -g -O0  conftest.c >&5
configure:4646: $? = 0
configure:4663: result: yes
configure:4618: checking for sys/stat.h
configure:4639: gcc -c -g -O0  conftest.c >&5
configure:4646: $? = 0
configure:4663: result: yes
configure:4618: checking for stdlib.h
configure:4639: gcc -c -g -O0  conftest.c >&5
configure:4646: $? = 0
configure:4663: result: yes
configure:4618: checking for string.h
configure:4639: gcc -c -g -O0  conftest.c >&5
configure:4646: $? = 0
configure:4663: result: yes
configure:4618: checking for memory.h
configure:4639: gcc -c -g -O0  conftest.c >&5
configure:4646: $? = 0
configure:4663: result: yes
configure:4618: checking for strings.h
configure:4639: gcc -c -g -O0  conftest.c >&5
configure:4646: $? = 0
configure:4663: result: yes
configure:4618: checking for inttypes.h
configure:4639: gcc -c -g -O0  conftest.c >&5
configure:4646: $? = 0
configure:4663: result: yes
configure:4618: checking for stdint.h
configure:4639: gcc -c -g -O0  conftest.c >&5
configure:4646: $? = 0
configure:4663: result: yes
configure:4618: checking for unistd.h
configure:4639: gcc -c -g -O0  conftest.c >&5
configure:4646: $? = 0
configure:4663: result: yes
configure:4709: checking fcntl.h usability
configure:4726: gcc -c -g -O0  conftest.c >&5
configure:4733: $? = 0
configure:4747: result: yes
configure:4751: checking fcntl.h presence
configure:4766: gcc -E  conftest.c
configure:4773: $? = 0
configure:4787: result: yes
configure:4820: checking for fcntl.h
configure:4829: result: yes
configure:4698: checking for inttypes.h
configure:4705: result: yes
configure:4709: checking limits.h usability
configure:4726: gcc -c -g -O0  conftest.c >&5
configure:4733: $? = 0
configure:4747: result: yes
configure:4751: checking limits.h presence
configure:4766: gcc -E  conftest.c
configure:4773: $? = 0
configure:4787: result: yes
configure:4820: checking for limits.h
configure:4829: result: yes
configure:4709: checking malloc.h usability
configure:4726: gcc -c -g -O0  conftest.c >&5
configure:4733: $? = 0
configure:4747: result: yes
configure:4751: checking malloc.h presence
configure:4766: gcc -E  conftest.c
configure:4773: $? = 0
configure:4787: result: yes
configure:4820: checking for malloc.h
configure:4829: result: yes
configure:4709: checking stddef.h usability
configure:4726: gcc -c -g -O0  conftest.c >&5
configure:4733: $? = 0
configure:4747: result: yes
configure:4751: checking stddef.h presence
configure:4766: gcc -E  conftest.c
configure:4773: $? = 0
configure:4787: result: yes
configure:4820: checking for stddef.h
configure:4829: result: yes
configure:4698: checking for stdint.h
configure:4705: result: yes
configure:4698: checking for stdlib.h
configure:4705: result: yes
configure:4698: checking for string.h
configure:4705: result: yes
configure:4709: checking sys/file.h usability
configure:4726: gcc -c -g -O0  conftest.c >&5
configure:4733: $? = 0
configure:4747: result: yes
configure:4751: checking sys/file.h presence
configure:4766: gcc -E  conftest.c
configure:4773: $? = 0
configure:4787: result: yes
configure:4820: checking for sys/file.h
configure:4829: result: yes
configure:4709: checking sys/ioctl.h usability
configure:4726: gcc -c -g -O0  conftest.c >&5
configure:4733: $? = 0
configure:4747: result: yes
configure:4751: checking sys/ioctl.h presence
configure:4766: gcc -E  conftest.c
configure:4773: $? = 0
configure:4787: result: yes
configure:4820: checking for sys/ioctl.h
configure:4829: result: yes
configure:4709: checking sys/mount.h usability
configure:4726: gcc -c -g -O0  conftest.c >&5
configure:4733: $? = 0
configure:4747: result: yes
configure:4751: checking sys/mount.h presence
configure:4766: gcc -E  conftest.c
configure:4773: $? = 0
configure:4787: result: yes
configure:4820: checking for sys/mount.h
configure:4829: result: yes
configure:4709: checking sys/param.h usability
configure:4726: gcc -c -g -O0  conftest.c >&5
configure:4733: $? = 0
configure:4747: result: yes
configure:4751: checking sys/param.h presence
configure:4766: gcc -E  conftest.c
configure:4773: $? = 0
configure:4787: result: yes
configure:4820: checking for sys/param.h
configure:4829: result: yes
configure:4709: checking sys/socket.h usability
configure:4726: gcc -c -g -O0  conftest.c >&5
configure:4733: $? = 0
configure:4747: result: yes
configure:4751: checking sys/socket.h presence
configure:4766: gcc -E  conftest.c
configure:4773: $? = 0
configure:4787: result: yes
configure:4820: checking for sys/socket.h
configure:4829: result: yes
configure:4709: checking sys/time.h usability
configure:4726: gcc -c -g -O0  conftest.c >&5
configure:4733: $? = 0
configure:4747: result: yes
configure:4751: checking sys/time.h presence
configure:4766: gcc -E  conftest.c
configure:4773: $? = 0
configure:4787: result: yes
configure:4820: checking for sys/time.h
configure:4829: result: yes
configure:4709: checking syslog.h usability
configure:4726: gcc -c -g -O0  conftest.c >&5
configure:4733: $? = 0
configure:4747: result: yes
configure:4751: checking syslog.h presence
configure:4766: gcc -E  conftest.c
configure:4773: $? = 0
configure:4787: result: yes
configure:4820: checking for syslog.h
configure:4829: result: yes
configure:4698: checking for unistd.h
configure:4705: result: yes
configure:4709: checking utime.h usability
configure:4726: gcc -c -g -O0  conftest.c >&5
configure:4733: $? = 0
configure:4747: result: yes
configure:4751: checking utime.h presence
configure:4766: gcc -E  conftest.c
configure:4773: $? = 0
configure:4787: result: yes
configure:4820: checking for utime.h
configure:4829: result: yes
configure:4846: checking for stdbool.h that conforms to C99
configure:4941: gcc -c -g -O0  conftest.c >&5
configure:4948: $? = 0
configure:4963: result: yes
configure:4965: checking for _Bool
configure:4993: gcc -c -g -O0  conftest.c >&5
configure:5000: $? = 0
configure:5027: gcc -c -g -O0  conftest.c >&5
conftest.c: In function 'main':
conftest.c:75: error: expected expression before ')' token
configure:5034: $? = 1
configure: failed program was:
| /* confdefs.h.  */
| #define PACKAGE_NAME "file_check"
| #define PACKAGE_TARNAME "file_check"
| #define PACKAGE_VERSION "0.1"
| #define PACKAGE_STRING "file_check 0.1"
| #define PACKAGE_BUGREPORT "yuxiaofeng3@hisense.com"
| #define PACKAGE "file_check"
| #define VERSION "0.1"
| #define HAVE_LIBDL 1
| #define HAVE_LIBPTHREAD 1
| #define STDC_HEADERS 1
| #define HAVE_SYS_TYPES_H 1
| #define HAVE_SYS_STAT_H 1
| #define HAVE_STDLIB_H 1
| #define HAVE_STRING_H 1
| #define HAVE_MEMORY_H 1
| #define HAVE_STRINGS_H 1
| #define HAVE_INTTYPES_H 1
| #define HAVE_STDINT_H 1
| #define HAVE_UNISTD_H 1
| #define HAVE_FCNTL_H 1
| #define HAVE_INTTYPES_H 1
| #define HAVE_LIMITS_H 1
| #define HAVE_MALLOC_H 1
| #define HAVE_STDDEF_H 1
| #define HAVE_STDINT_H 1
| #define HAVE_STDLIB_H 1
| #define HAVE_STRING_H 1
| #define HAVE_SYS_FILE_H 1
| #define HAVE_SYS_IOCTL_H 1
| #define HAVE_SYS_MOUNT_H 1
| #define HAVE_SYS_PARAM_H 1
| #define HAVE_SYS_SOCKET_H 1
| #define HAVE_SYS_TIME_H 1
| #define HAVE_SYSLOG_H 1
| #define HAVE_UNISTD_H 1
| #define HAVE_UTIME_H 1
| /* end confdefs.h.  */
| #include <stdio.h>
| #ifdef HAVE_SYS_TYPES_H
| # include <sys/types.h>
| #endif
| #ifdef HAVE_SYS_STAT_H
| # include <sys/stat.h>
| #endif
| #ifdef STDC_HEADERS
| # include <stdlib.h>
| # include <stddef.h>
| #else
| # ifdef HAVE_STDLIB_H
| #  include <stdlib.h>
| # endif
| #endif
| #ifdef HAVE_STRING_H
| # if !defined STDC_HEADERS && defined HAVE_MEMORY_H
| #  include <memory.h>
| # endif
| # include <string.h>
| #endif
| #ifdef HAVE_STRINGS_H
| # include <strings.h>
| #endif
| #ifdef HAVE_INTTYPES_H
| # include <inttypes.h>
| #endif
| #ifdef HAVE_STDINT_H
| # include <stdint.h>
| #endif
| #ifdef HAVE_UNISTD_H
| # include <unistd.h>
| #endif
| int
| main ()
| {
| if (sizeof ((_Bool)))
| 	  return 0;
|   ;
|   return 0;
| }
configure:5057: result: yes
configure:5076: checking for uid_t in sys/types.h
configure:5099: result: yes
configure:5115: checking for int32_t
configure:5146: gcc -c -g -O0  conftest.c >&5
configure:5153: $? = 0
configure:5182: gcc -c -g -O0  conftest.c >&5
conftest.c: In function 'main':
conftest.c:78: warning: integer overflow in expression
conftest.c:78: error: size of array 'test_array' is negative
configure:5189: $? = 1
configure: failed program was:
| /* confdefs.h.  */
| #define PACKAGE_NAME "file_check"
| #define PACKAGE_TARNAME "file_check"
| #define PACKAGE_VERSION "0.1"
| #define PACKAGE_STRING "file_check 0.1"
| #define PACKAGE_BUGREPORT "yuxiaofeng3@hisense.com"
| #define PACKAGE "file_check"
| #define VERSION "0.1"
| #define HAVE_LIBDL 1
| #define HAVE_LIBPTHREAD 1
| #define STDC_HEADERS 1
| #define HAVE_SYS_TYPES_H 1
| #define HAVE_SYS_STAT_H 1
| #define HAVE_STDLIB_H 1
| #define HAVE_STRING_H 1
| #define HAVE_MEMORY_H 1
| #define HAVE_STRINGS_H 1
| #define HAVE_INTTYPES_H 1
| #define HAVE_STDINT_H 1
| #define HAVE_UNISTD_H 1
| #define HAVE_FCNTL_H 1
| #define HAVE_INTTYPES_H 1
| #define HAVE_LIMITS_H 1
| #define HAVE_MALLOC_H 1
| #define HAVE_STDDEF_H 1
| #define HAVE_STDINT_H 1
| #define HAVE_STDLIB_H 1
| #define HAVE_STRING_H 1
| #define HAVE_SYS_FILE_H 1
| #define HAVE_SYS_IOCTL_H 1
| #define HAVE_SYS_MOUNT_H 1
| #define HAVE_SYS_PARAM_H 1
| #define HAVE_SYS_SOCKET_H 1
| #define HAVE_SYS_TIME_H 1
| #define HAVE_SYSLOG_H 1
| #define HAVE_UNISTD_H 1
| #define HAVE_UTIME_H 1
| #define HAVE__BOOL 1
| #define HAVE_STDBOOL_H 1
| /* end confdefs.h.  */
| #include <stdio.h>
| #ifdef HAVE_SYS_TYPES_H
| # include <sys/types.h>
| #endif
| #ifdef HAVE_SYS_STAT_H
| # include <sys/stat.h>
| #endif
| #ifdef STDC_HEADERS
| # include <stdlib.h>
| # include <stddef.h>
| #else
| # ifdef HAVE_STDLIB_H
| #  include <stdlib.h>
| # endif
| #endif
| #ifdef HAVE_STRING_H
| # if !defined STDC_HEADERS && defined HAVE_MEMORY_H
| #  include <memory.h>
| # endif
| # include <string.h>
| #endif
| #ifdef HAVE_STRINGS_H
| # include <strings.h>
| #endif
| #ifdef HAVE_INTTYPES_H
| # include <inttypes.h>
| #endif
| #ifdef HAVE_STDINT_H
| # include <stdint.h>
| #endif
| #ifdef HAVE_UNISTD_H
| # include <unistd.h>
| #endif
| int
| main ()
| {
| static int test_array [1 - 2 * !((int32_t) ((((int32_t) 1 << (32 - 2)) - 1) * 2 + 1)
| 		 < (int32_t) ((((int32_t) 1 << (32 - 2)) - 1) * 2 + 2))];
| test_array [0] = 0
| 
|   ;
|   return 0;
| }
configure:5218: result: yes
configure:5230: checking for mode_t
configure:5258: gcc -c -g -O0  conftest.c >&5
configure:5265: $? = 0
configure:5292: gcc -c -g -O0  conftest.c >&5
conftest.c: In function 'main':
conftest.c:77: error: expected expression before ')' token
configure:5299: $? = 1
configure: failed program was:
| /* confdefs.h.  */
| #define PACKAGE_NAME "file_check"
| #define PACKAGE_TARNAME "file_check"
| #define PACKAGE_VERSION "0.1"
| #define PACKAGE_STRING "file_check 0.1"
| #define PACKAGE_BUGREPORT "yuxiaofeng3@hisense.com"
| #define PACKAGE "file_check"
| #define VERSION "0.1"
| #define HAVE_LIBDL 1
| #define HAVE_LIBPTHREAD 1
| #define STDC_HEADERS 1
| #define HAVE_SYS_TYPES_H 1
| #define HAVE_SYS_STAT_H 1
| #define HAVE_STDLIB_H 1
| #define HAVE_STRING_H 1
| #define HAVE_MEMORY_H 1
| #define HAVE_STRINGS_H 1
| #define HAVE_INTTYPES_H 1
| #define HAVE_STDINT_H 1
| #define HAVE_UNISTD_H 1
| #define HAVE_FCNTL_H 1
| #define HAVE_INTTYPES_H 1
| #define HAVE_LIMITS_H 1
| #define HAVE_MALLOC_H 1
| #define HAVE_STDDEF_H 1
| #define HAVE_STDINT_H 1
| #define HAVE_STDLIB_H 1
| #define HAVE_STRING_H 1
| #define HAVE_SYS_FILE_H 1
| #define HAVE_SYS_IOCTL_H 1
| #define HAVE_SYS_MOUNT_H 1
| #define HAVE_SYS_PARAM_H 1
| #define HAVE_SYS_SOCKET_H 1
| #define HAVE_SYS_TIME_H 1
| #define HAVE_SYSLOG_H 1
| #define HAVE_UNISTD_H 1
| #define HAVE_UTIME_H 1
| #define HAVE__BOOL 1
| #define HAVE_STDBOOL_H 1
| /* end confdefs.h.  */
| #include <stdio.h>
| #ifdef HAVE_SYS_TYPES_H
| # include <sys/types.h>
| #endif
| #ifdef HAVE_SYS_STAT_H
| # include <sys/stat.h>
| #endif
| #ifdef STDC_HEADERS
| # include <stdlib.h>
| # include <stddef.h>
| #else
| # ifdef HAVE_STDLIB_H
| #  include <stdlib.h>
| # endif
| #endif
| #ifdef HAVE_STRING_H
| # if !defined STDC_HEADERS && defined HAVE_MEMORY_H
| #  include <memory.h>
| # endif
| # include <string.h>
| #endif
| #ifdef HAVE_STRINGS_H
| # include <strings.h>
| #endif
| #ifdef HAVE_INTTYPES_H
| # include <inttypes.h>
| #endif
| #ifdef HAVE_STDINT_H
| # include <stdint.h>
| #endif
| #ifdef HAVE_UNISTD_H
| # include <unistd.h>
| #endif
| int
| main ()
| {
| if (sizeof ((mode_t)))
| 	  return 0;
|   ;
|   return 0;
| }
configure:5322: result: yes
configure:5334: checking for off_t
configure:5362: gcc -c -g -O0  conftest.c >&5
configure:5369: $? = 0
configure:5396: gcc -c -g -O0  conftest.c >&5
conftest.c: In function 'main':
conftest.c:77: error: expected expression before ')' token
configure:5403: $? = 1
configure: failed program was:
| /* confdefs.h.  */
| #define PACKAGE_NAME "file_check"
| #define PACKAGE_TARNAME "file_check"
| #define PACKAGE_VERSION "0.1"
| #define PACKAGE_STRING "file_check 0.1"
| #define PACKAGE_BUGREPORT "yuxiaofeng3@hisense.com"
| #define PACKAGE "file_check"
| #define VERSION "0.1"
| #define HAVE_LIBDL 1
| #define HAVE_LIBPTHREAD 1
| #define STDC_HEADERS 1
| #define HAVE_SYS_TYPES_H 1
| #define HAVE_SYS_STAT_H 1
| #define HAVE_STDLIB_H 1
| #define HAVE_STRING_H 1
| #define HAVE_MEMORY_H 1
| #define HAVE_STRINGS_H 1
| #define HAVE_INTTYPES_H 1
| #define HAVE_STDINT_H 1
| #define HAVE_UNISTD_H 1
| #define HAVE_FCNTL_H 1
| #define HAVE_INTTYPES_H 1
| #define HAVE_LIMITS_H 1
| #define HAVE_MALLOC_H 1
| #define HAVE_STDDEF_H 1
| #define HAVE_STDINT_H 1
| #define HAVE_STDLIB_H 1
| #define HAVE_STRING_H 1
| #define HAVE_SYS_FILE_H 1
| #define HAVE_SYS_IOCTL_H 1
| #define HAVE_SYS_MOUNT_H 1
| #define HAVE_SYS_PARAM_H 1
| #define HAVE_SYS_SOCKET_H 1
| #define HAVE_SYS_TIME_H 1
| #define HAVE_SYSLOG_H 1
| #define HAVE_UNISTD_H 1
| #define HAVE_UTIME_H 1
| #define HAVE__BOOL 1
| #define HAVE_STDBOOL_H 1
| /* end confdefs.h.  */
| #include <stdio.h>
| #ifdef HAVE_SYS_TYPES_H
| # include <sys/types.h>
| #endif
| #ifdef HAVE_SYS_STAT_H
| # include <sys/stat.h>
| #endif
| #ifdef STDC_HEADERS
| # include <stdlib.h>
| # include <stddef.h>
| #else
| # ifdef HAVE_STDLIB_H
| #  include <stdlib.h>
| # endif
| #endif
| #ifdef HAVE_STRING_H
| # if !defined STDC_HEADERS && defined HAVE_MEMORY_H
| #  include <memory.h>
| # endif
| # include <string.h>
| #endif
| #ifdef HAVE_STRINGS_H
| # include <strings.h>
| #endif
| #ifdef HAVE_INTTYPES_H
| # include <inttypes.h>
| #endif
| #ifdef HAVE_STDINT_H
| # include <stdint.h>
| #endif
| #ifdef HAVE_UNISTD_H
| # include <unistd.h>
| #endif
| int
| main ()
| {
| if (sizeof ((off_t)))
| 	  return 0;
|   ;
|   return 0;
| }
configure:5426: result: yes
configure:5438: checking for pid_t
configure:5466: gcc -c -g -O0  conftest.c >&5
configure:5473: $? = 0
configure:5500: gcc -c -g -O0  conftest.c >&5
conftest.c: In function 'main':
conftest.c:77: error: expected expression before ')' token
configure:5507: $? = 1
configure: failed program was:
| /* confdefs.h.  */
| #define PACKAGE_NAME "file_check"
| #define PACKAGE_TARNAME "file_check"
| #define PACKAGE_VERSION "0.1"
| #define PACKAGE_STRING "file_check 0.1"
| #define PACKAGE_BUGREPORT "yuxiaofeng3@hisense.com"
| #define PACKAGE "file_check"
| #define VERSION "0.1"
| #define HAVE_LIBDL 1
| #define HAVE_LIBPTHREAD 1
| #define STDC_HEADERS 1
| #define HAVE_SYS_TYPES_H 1
| #define HAVE_SYS_STAT_H 1
| #define HAVE_STDLIB_H 1
| #define HAVE_STRING_H 1
| #define HAVE_MEMORY_H 1
| #define HAVE_STRINGS_H 1
| #define HAVE_INTTYPES_H 1
| #define HAVE_STDINT_H 1
| #define HAVE_UNISTD_H 1
| #define HAVE_FCNTL_H 1
| #define HAVE_INTTYPES_H 1
| #define HAVE_LIMITS_H 1
| #define HAVE_MALLOC_H 1
| #define HAVE_STDDEF_H 1
| #define HAVE_STDINT_H 1
| #define HAVE_STDLIB_H 1
| #define HAVE_STRING_H 1
| #define HAVE_SYS_FILE_H 1
| #define HAVE_SYS_IOCTL_H 1
| #define HAVE_SYS_MOUNT_H 1
| #define HAVE_SYS_PARAM_H 1
| #define HAVE_SYS_SOCKET_H 1
| #define HAVE_SYS_TIME_H 1
| #define HAVE_SYSLOG_H 1
| #define HAVE_UNISTD_H 1
| #define HAVE_UTIME_H 1
| #define HAVE__BOOL 1
| #define HAVE_STDBOOL_H 1
| /* end confdefs.h.  */
| #include <stdio.h>
| #ifdef HAVE_SYS_TYPES_H
| # include <sys/types.h>
| #endif
| #ifdef HAVE_SYS_STAT_H
| # include <sys/stat.h>
| #endif
| #ifdef STDC_HEADERS
| # include <stdlib.h>
| # include <stddef.h>
| #else
| # ifdef HAVE_STDLIB_H
| #  include <stdlib.h>
| # endif
| #endif
| #ifdef HAVE_STRING_H
| # if !defined STDC_HEADERS && defined HAVE_MEMORY_H
| #  include <memory.h>
| # endif
| # include <string.h>
| #endif
| #ifdef HAVE_STRINGS_H
| # include <strings.h>
| #endif
| #ifdef HAVE_INTTYPES_H
| # include <inttypes.h>
| #endif
| #ifdef HAVE_STDINT_H
| # include <stdint.h>
| #endif
| #ifdef HAVE_UNISTD_H
| # include <unistd.h>
| #endif
| int
| main ()
| {
| if (sizeof ((pid_t)))
| 	  return 0;
|   ;
|   return 0;
| }
configure:5530: result: yes
configure:5542: checking for size_t
configure:5570: gcc -c -g -O0  conftest.c >&5
configure:5577: $? = 0
configure:5604: gcc -c -g -O0  conftest.c >&5
conftest.c: In function 'main':
conftest.c:77: error: expected expression before ')' token
configure:5611: $? = 1
configure: failed program was:
| /* confdefs.h.  */
| #define PACKAGE_NAME "file_check"
| #define PACKAGE_TARNAME "file_check"
| #define PACKAGE_VERSION "0.1"
| #define PACKAGE_STRING "file_check 0.1"
| #define PACKAGE_BUGREPORT "yuxiaofeng3@hisense.com"
| #define PACKAGE "file_check"
| #define VERSION "0.1"
| #define HAVE_LIBDL 1
| #define HAVE_LIBPTHREAD 1
| #define STDC_HEADERS 1
| #define HAVE_SYS_TYPES_H 1
| #define HAVE_SYS_STAT_H 1
| #define HAVE_STDLIB_H 1
| #define HAVE_STRING_H 1
| #define HAVE_MEMORY_H 1
| #define HAVE_STRINGS_H 1
| #define HAVE_INTTYPES_H 1
| #define HAVE_STDINT_H 1
| #define HAVE_UNISTD_H 1
| #define HAVE_FCNTL_H 1
| #define HAVE_INTTYPES_H 1
| #define HAVE_LIMITS_H 1
| #define HAVE_MALLOC_H 1
| #define HAVE_STDDEF_H 1
| #define HAVE_STDINT_H 1
| #define HAVE_STDLIB_H 1
| #define HAVE_STRING_H 1
| #define HAVE_SYS_FILE_H 1
| #define HAVE_SYS_IOCTL_H 1
| #define HAVE_SYS_MOUNT_H 1
| #define HAVE_SYS_PARAM_H 1
| #define HAVE_SYS_SOCKET_H 1
| #define HAVE_SYS_TIME_H 1
| #define HAVE_SYSLOG_H 1
| #define HAVE_UNISTD_H 1
| #define HAVE_UTIME_H 1
| #define HAVE__BOOL 1
| #define HAVE_STDBOOL_H 1
| /* end confdefs.h.  */
| #include <stdio.h>
| #ifdef HAVE_SYS_TYPES_H
| # include <sys/types.h>
| #endif
| #ifdef HAVE_SYS_STAT_H
| # include <sys/stat.h>
| #endif
| #ifdef STDC_HEADERS
| # include <stdlib.h>
| # include <stddef.h>
| #else
| # ifdef HAVE_STDLIB_H
| #  include <stdlib.h>
| # endif
| #endif
| #ifdef HAVE_STRING_H
| # if !defined STDC_HEADERS && defined HAVE_MEMORY_H
| #  include <memory.h>
| # endif
| # include <string.h>
| #endif
| #ifdef HAVE_STRINGS_H
| # include <strings.h>
| #endif
| #ifdef HAVE_INTTYPES_H
| # include <inttypes.h>
| #endif
| #ifdef HAVE_STDINT_H
| # include <stdint.h>
| #endif
| #ifdef HAVE_UNISTD_H
| # include <unistd.h>
| #endif
| int
| main ()
| {
| if (sizeof ((size_t)))
| 	  return 0;
|   ;
|   return 0;
| }
configure:5634: result: yes
configure:5646: checking for ssize_t
configure:5674: gcc -c -g -O0  conftest.c >&5
configure:5681: $? = 0
configure:5708: gcc -c -g -O0  conftest.c >&5
conftest.c: In function 'main':
conftest.c:77: error: expected expression before ')' token
configure:5715: $? = 1
configure: failed program was:
| /* confdefs.h.  */
| #define PACKAGE_NAME "file_check"
| #define PACKAGE_TARNAME "file_check"
| #define PACKAGE_VERSION "0.1"
| #define PACKAGE_STRING "file_check 0.1"
| #define PACKAGE_BUGREPORT "yuxiaofeng3@hisense.com"
| #define PACKAGE "file_check"
| #define VERSION "0.1"
| #define HAVE_LIBDL 1
| #define HAVE_LIBPTHREAD 1
| #define STDC_HEADERS 1
| #define HAVE_SYS_TYPES_H 1
| #define HAVE_SYS_STAT_H 1
| #define HAVE_STDLIB_H 1
| #define HAVE_STRING_H 1
| #define HAVE_MEMORY_H 1
| #define HAVE_STRINGS_H 1
| #define HAVE_INTTYPES_H 1
| #define HAVE_STDINT_H 1
| #define HAVE_UNISTD_H 1
| #define HAVE_FCNTL_H 1
| #define HAVE_INTTYPES_H 1
| #define HAVE_LIMITS_H 1
| #define HAVE_MALLOC_H 1
| #define HAVE_STDDEF_H 1
| #define HAVE_STDINT_H 1
| #define HAVE_STDLIB_H 1
| #define HAVE_STRING_H 1
| #define HAVE_SYS_FILE_H 1
| #define HAVE_SYS_IOCTL_H 1
| #define HAVE_SYS_MOUNT_H 1
| #define HAVE_SYS_PARAM_H 1
| #define HAVE_SYS_SOCKET_H 1
| #define HAVE_SYS_TIME_H 1
| #define HAVE_SYSLOG_H 1
| #define HAVE_UNISTD_H 1
| #define HAVE_UTIME_H 1
| #define HAVE__BOOL 1
| #define HAVE_STDBOOL_H 1
| /* end confdefs.h.  */
| #include <stdio.h>
| #ifdef HAVE_SYS_TYPES_H
| # include <sys/types.h>
| #endif
| #ifdef HAVE_SYS_STAT_H
| # include <sys/stat.h>
| #endif
| #ifdef STDC_HEADERS
| # include <stdlib.h>
| # include <stddef.h>
| #else
| # ifdef HAVE_STDLIB_H
| #  include <stdlib.h>
| # endif
| #endif
| #ifdef HAVE_STRING_H
| # if !defined STDC_HEADERS && defined HAVE_MEMORY_H
| #  include <memory.h>
| # endif
| # include <string.h>
| #endif
| #ifdef HAVE_STRINGS_H
| # include <strings.h>
| #endif
| #ifdef HAVE_INTTYPES_H
| # include <inttypes.h>
| #endif
| #ifdef HAVE_STDINT_H
| # include <stdint.h>
| #endif
| #ifdef HAVE_UNISTD_H
| # include <unistd.h>
| #endif
| int
| main ()
| {
| if (sizeof ((ssize_t)))
| 	  return 0;
|   ;
|   return 0;
| }
configure:5738: result: yes
configure:5750: checking for struct stat.st_blksize
configure:5778: gcc -c -g -O0  conftest.c >&5
configure:5785: $? = 0
configure:5843: result: yes
configure:5855: checking for uint8_t
configure:5886: gcc -c -g -O0  conftest.c >&5
configure:5893: $? = 0
configure:5914: result: yes
configure:5933: checking whether lstat dereferences a symlink specified with a trailing slash
configure:5969: gcc -o conftest -g -O0   conftest.c -lpthread -ldl  >&5
configure:5973: $? = 0
configure:5979: ./conftest
configure:5983: $? = 0
configure:6007: result: yes
configure:6031: checking for stdlib.h
configure:6038: result: yes
configure:6177: checking for GNU libc compatible malloc
configure:6211: gcc -o conftest -g -O0   conftest.c -lpthread -ldl  >&5
configure:6215: $? = 0
configure:6221: ./conftest
configure:6225: $? = 0
configure:6242: result: yes
configure:6276: checking for stdlib.h
configure:6283: result: yes
configure:6276: checking for unistd.h
configure:6283: result: yes
configure:6426: checking for getpagesize
configure:6482: gcc -o conftest -g -O0   conftest.c -lpthread -ldl  >&5
configure:6489: $? = 0
configure:6511: result: yes
configure:6523: checking for working mmap
configure:6670: gcc -o conftest -g -O0   conftest.c -lpthread -ldl  >&5
configure:6674: $? = 0
configure:6680: ./conftest
configure:6684: $? = 0
configure:6701: result: yes
configure:6717: checking for stdlib.h
configure:6724: result: yes
configure:6863: checking for GNU libc compatible realloc
configure:6897: gcc -o conftest -g -O0   conftest.c -lpthread -ldl  >&5
configure:6901: $? = 0
configure:6907: ./conftest
configure:6911: $? = 0
configure:6928: result: yes
configure:6956: checking whether strerror_r is declared
configure:6985: gcc -c -g -O0  conftest.c >&5
configure:6992: $? = 0
configure:7007: result: yes
configure:7029: checking for strerror_r
configure:7085: gcc -o conftest -g -O0   conftest.c -lpthread -ldl  >&5
configure:7092: $? = 0
configure:7114: result: yes
configure:7126: checking whether strerror_r returns char *
configure:7160: gcc -c -g -O0  conftest.c >&5
conftest.c: In function 'main':
conftest.c:91: error: invalid type argument of 'unary *' (have 'int')
conftest.c:92: warning: initialization makes pointer from integer without a cast
configure:7167: $? = 1
configure: failed program was:
| /* confdefs.h.  */
| #define PACKAGE_NAME "file_check"
| #define PACKAGE_TARNAME "file_check"
| #define PACKAGE_VERSION "0.1"
| #define PACKAGE_STRING "file_check 0.1"
| #define PACKAGE_BUGREPORT "yuxiaofeng3@hisense.com"
| #define PACKAGE "file_check"
| #define VERSION "0.1"
| #define HAVE_LIBDL 1
| #define HAVE_LIBPTHREAD 1
| #define STDC_HEADERS 1
| #define HAVE_SYS_TYPES_H 1
| #define HAVE_SYS_STAT_H 1
| #define HAVE_STDLIB_H 1
| #define HAVE_STRING_H 1
| #define HAVE_MEMORY_H 1
| #define HAVE_STRINGS_H 1
| #define HAVE_INTTYPES_H 1
| #define HAVE_STDINT_H 1
| #define HAVE_UNISTD_H 1
| #define HAVE_FCNTL_H 1
| #define HAVE_INTTYPES_H 1
| #define HAVE_LIMITS_H 1
| #define HAVE_MALLOC_H 1
| #define HAVE_STDDEF_H 1
| #define HAVE_STDINT_H 1
| #define HAVE_STDLIB_H 1
| #define HAVE_STRING_H 1
| #define HAVE_SYS_FILE_H 1
| #define HAVE_SYS_IOCTL_H 1
| #define HAVE_SYS_MOUNT_H 1
| #define HAVE_SYS_PARAM_H 1
| #define HAVE_SYS_SOCKET_H 1
| #define HAVE_SYS_TIME_H 1
| #define HAVE_SYSLOG_H 1
| #define HAVE_UNISTD_H 1
| #define HAVE_UTIME_H 1
| #define HAVE__BOOL 1
| #define HAVE_STDBOOL_H 1
| #define HAVE_STRUCT_STAT_ST_BLKSIZE 1
| #define LSTAT_FOLLOWS_SLASHED_SYMLINK 1
| #define HAVE_STDLIB_H 1
| #define HAVE_MALLOC 1
| #define HAVE_STDLIB_H 1
| #define HAVE_UNISTD_H 1
| #define HAVE_GETPAGESIZE 1
| #define HAVE_MMAP 1
| #define HAVE_STDLIB_H 1
| #define HAVE_REALLOC 1
| #define HAVE_DECL_STRERROR_R 1
| #define HAVE_STRERROR_R 1
| /* end confdefs.h.  */
| #include <stdio.h>
| #ifdef HAVE_SYS_TYPES_H
| # include <sys/types.h>
| #endif
| #ifdef HAVE_SYS_STAT_H
| # include <sys/stat.h>
| #endif
| #ifdef STDC_HEADERS
| # include <stdlib.h>
| # include <stddef.h>
| #else
| # ifdef HAVE_STDLIB_H
| #  include <stdlib.h>
| # endif
| #endif
| #ifdef HAVE_STRING_H
| # if !defined STDC_HEADERS && defined HAVE_MEMORY_H
| #  include <memory.h>
| # endif
| # include <string.h>
| #endif
| #ifdef HAVE_STRINGS_H
| # include <strings.h>
| #endif
| #ifdef HAVE_INTTYPES_H
| # include <inttypes.h>
| #endif
| #ifdef HAVE_STDINT_H
| # include <stdint.h>
| #endif
| #ifdef HAVE_UNISTD_H
| # include <unistd.h>
| #endif
| int
| main ()
| {
| 
| 	  char buf[100];
| 	  char x = *strerror_r (0, buf, sizeof buf);
| 	  char *p = strerror_r (0, buf, sizeof buf);
| 	  return !p || x;
| 
|   ;
|   return 0;
| }
configure:7246: result: no
configure:7273: checking for clock_gettime
configure:7329: gcc -o conftest -g -O0   conftest.c -lpthread -ldl  >&5
/tmp/ccBsDOrP.o: In function `main':
/home/yxf/check_realtime/src/conftest.c:87: undefined reference to `clock_gettime'
collect2: ld returned 1 exit status
configure:7336: $? = 1
configure: failed program was:
| /* confdefs.h.  */
| #define PACKAGE_NAME "file_check"
| #define PACKAGE_TARNAME "file_check"
| #define PACKAGE_VERSION "0.1"
| #define PACKAGE_STRING "file_check 0.1"
| #define PACKAGE_BUGREPORT "yuxiaofeng3@hisense.com"
| #define PACKAGE "file_check"
| #define VERSION "0.1"
| #define HAVE_LIBDL 1
| #define HAVE_LIBPTHREAD 1
| #define STDC_HEADERS 1
| #define HAVE_SYS_TYPES_H 1
| #define HAVE_SYS_STAT_H 1
| #define HAVE_STDLIB_H 1
| #define HAVE_STRING_H 1
| #define HAVE_MEMORY_H 1
| #define HAVE_STRINGS_H 1
| #define HAVE_INTTYPES_H 1
| #define HAVE_STDINT_H 1
| #define HAVE_UNISTD_H 1
| #define HAVE_FCNTL_H 1
| #define HAVE_INTTYPES_H 1
| #define HAVE_LIMITS_H 1
| #define HAVE_MALLOC_H 1
| #define HAVE_STDDEF_H 1
| #define HAVE_STDINT_H 1
| #define HAVE_STDLIB_H 1
| #define HAVE_STRING_H 1
| #define HAVE_SYS_FILE_H 1
| #define HAVE_SYS_IOCTL_H 1
| #define HAVE_SYS_MOUNT_H 1
| #define HAVE_SYS_PARAM_H 1
| #define HAVE_SYS_SOCKET_H 1
| #define HAVE_SYS_TIME_H 1
| #define HAVE_SYSLOG_H 1
| #define HAVE_UNISTD_H 1
| #define HAVE_UTIME_H 1
| #define HAVE__BOOL 1
| #define HAVE_STDBOOL_H 1
| #define HAVE_STRUCT_STAT_ST_BLKSIZE 1
| #define LSTAT_FOLLOWS_SLASHED_SYMLINK 1
| #define HAVE_STDLIB_H 1
| #define HAVE_MALLOC 1
| #define HAVE_STDLIB_H 1
| #define HAVE_UNISTD_H 1
| #define HAVE_GETPAGESIZE 1
| #define HAVE_MMAP 1
| #define HAVE_STDLIB_H 1
| #define HAVE_REALLOC 1
| #define HAVE_DECL_STRERROR_R 1
| #define HAVE_STRERROR_R 1
| /* end confdefs.h.  */
| /* Define clock_gettime to an innocuous variant, in case <limits.h> declares clock_gettime.
|    For example, HP-UX 11i <limits.h> declares gettimeofday.  */
| #define clock_gettime innocuous_clock_gettime
| 
| /* System header to define __stub macros and hopefully few prototypes,
|     which can conflict with char clock_gettime (); below.
|     Prefer <limits.h> to <assert.h> if __STDC__ is defined, since
|     <limits.h> exists even on freestanding compilers.  */
| 
| #ifdef __STDC__
| # include <limits.h>
| #else
| # include <assert.h>
| #endif
| 
| #undef clock_gettime
| 
| /* Override any GCC internal prototype to avoid an error.
|    Use char because int might match the return type of a GCC
|    builtin and then its argument prototype would still apply.  */
| #ifdef __cplusplus
| extern "C"
| #endif
| char clock_gettime ();
| /* The GNU C library defines this for functions which it implements
|     to always fail with ENOSYS.  Some functions are actually named
|     something starting with __ and the normal name is an alias.  */
| #if defined __stub_clock_gettime || defined __stub___clock_gettime
| choke me
| #endif
| 
| int
| main ()
| {
| return clock_gettime ();
|   ;
|   return 0;
| }
configure:7358: result: no
configure:7273: checking for fdatasync
configure:7329: gcc -o conftest -g -O0   conftest.c -lpthread -ldl  >&5
configure:7336: $? = 0
configure:7358: result: yes
configure:7273: checking for gettimeofday
configure:7329: gcc -o conftest -g -O0   conftest.c -lpthread -ldl  >&5
configure:7336: $? = 0
configure:7358: result: yes
configure:7273: checking for localtime_r
configure:7329: gcc -o conftest -g -O0   conftest.c -lpthread -ldl  >&5
configure:7336: $? = 0
configure:7358: result: yes
configure:7273: checking for memmove
configure:7329: gcc -o conftest -g -O0   conftest.c -lpthread -ldl  >&5
conftest.c:79: warning: conflicting types for built-in function 'memmove'
configure:7336: $? = 0
configure:7358: result: yes
configure:7273: checking for memset
configure:7329: gcc -o conftest -g -O0   conftest.c -lpthread -ldl  >&5
conftest.c:80: warning: conflicting types for built-in function 'memset'
configure:7336: $? = 0
configure:7358: result: yes
configure:7273: checking for mkfifo
configure:7329: gcc -o conftest -g -O0   conftest.c -lpthread -ldl  >&5
configure:7336: $? = 0
configure:7358: result: yes
configure:7273: checking for munmap
configure:7329: gcc -o conftest -g -O0   conftest.c -lpthread -ldl  >&5
configure:7336: $? = 0
configure:7358: result: yes
configure:7273: checking for socket
configure:7329: gcc -o conftest -g -O0   conftest.c -lpthread -ldl  >&5
configure:7336: $? = 0
configure:7358: result: yes
configure:7273: checking for strdup
configure:7329: gcc -o conftest -g -O0   conftest.c -lpthread -ldl  >&5
conftest.c:84: warning: conflicting types for built-in function 'strdup'
configure:7336: $? = 0
configure:7358: result: yes
configure:7273: checking for strerror
configure:7329: gcc -o conftest -g -O0   conftest.c -lpthread -ldl  >&5
configure:7336: $? = 0
configure:7358: result: yes
configure:7273: checking for strrchr
configure:7329: gcc -o conftest -g -O0   conftest.c -lpthread -ldl  >&5
conftest.c:86: warning: conflicting types for built-in function 'strrchr'
configure:7336: $? = 0
configure:7358: result: yes
configure:7273: checking for strstr
configure:7329: gcc -o conftest -g -O0   conftest.c -lpthread -ldl  >&5
conftest.c:87: warning: conflicting types for built-in function 'strstr'
configure:7336: $? = 0
configure:7358: result: yes
configure:7273: checking for utime
configure:7329: gcc -o conftest -g -O0   conftest.c -lpthread -ldl  >&5
configure:7336: $? = 0
configure:7358: result: yes
configure:7532: creating ./config.status

## ---------------------- ##
## Running config.status. ##
## ---------------------- ##

This file was extended by file_check config.status 0.1, which was
generated by GNU Autoconf 2.63.  Invocation command line was

  CONFIG_FILES    = 
  CONFIG_HEADERS  = 
  CONFIG_LINKS    = 
  CONFIG_COMMANDS = 
  $ ./config.status 

on bss-18

config.status:703: creating Makefile
config.status:914: executing depfiles commands

## ---------------- ##
## Cache variables. ##
## ---------------- ##

ac_cv_c_compiler_gnu=yes
ac_cv_c_int32_t=yes
ac_cv_c_uint8_t=yes
ac_cv_cxx_compiler_gnu=yes
ac_cv_env_CCC_set=
ac_cv_env_CCC_value=
ac_cv_env_CC_set=
ac_cv_env_CC_value=
ac_cv_env_CFLAGS_set=set
ac_cv_env_CFLAGS_value='-g -O0'
ac_cv_env_CPPFLAGS_set=
ac_cv_env_CPPFLAGS_value=
ac_cv_env_CPP_set=
ac_cv_env_CPP_value=
ac_cv_env_CXXFLAGS_set=set
ac_cv_env_CXXFLAGS_value='-g -O0'
ac_cv_env_CXX_set=
ac_cv_env_CXX_value=
ac_cv_env_LDFLAGS_set=
ac_cv_env_LDFLAGS_value=
ac_cv_env_LIBS_set=
ac_cv_env_LIBS_value=
ac_cv_env_build_alias_set=
ac_cv_env_build_alias_value=
ac_cv_env_host_alias_set=
ac_cv_env_host_alias_value=
ac_cv_env_target_alias_set=
ac_cv_env_target_alias_value=
ac_cv_func_clock_gettime=no
ac_cv_func_fdatasync=yes
ac_cv_func_getpagesize=yes
ac_cv_func_gettimeofday=yes
ac_cv_func_localtime_r=yes
ac_cv_func_lstat_dereferences_slashed_symlink=yes
ac_cv_func_malloc_0_nonnull=yes
ac_cv_func_memmove=yes
ac_cv_func_memset=yes
ac_cv_func_mkfifo=yes
ac_cv_func_mmap_fixed_mapped=yes
ac_cv_func_munmap=yes
ac_cv_func_realloc_0_nonnull=yes
ac_cv_func_socket=yes
ac_cv_func_strdup=yes
ac_cv_func_strerror=yes
ac_cv_func_strerror_r=yes
ac_cv_func_strerror_r_char_p=no
ac_cv_func_strrchr=yes
ac_cv_func_strstr=yes
ac_cv_func_utime=yes
ac_cv_have_decl_strerror_r=yes
ac_cv_header_fcntl_h=yes
ac_cv_header_inttypes_h=yes
ac_cv_header_limits_h=yes
ac_cv_header_malloc_h=yes
ac_cv_header_memory_h=yes
ac_cv_header_stdbool_h=yes
ac_cv_header_stdc=yes
ac_cv_header_stddef_h=yes
ac_cv_header_stdint_h=yes
ac_cv_header_stdlib_h=yes
ac_cv_header_string_h=yes
ac_cv_header_strings_h=yes
ac_cv_header_sys_file_h=yes
ac_cv_header_sys_ioctl_h=yes
ac_cv_header_sys_mount_h=yes
ac_cv_header_sys_param_h=yes
ac_cv_header_sys_socket_h=yes
ac_cv_header_sys_stat_h=yes
ac_cv_header_sys_time_h=yes
ac_cv_header_sys_types_h=yes
ac_cv_header_syslog_h=yes
ac_cv_header_unistd_h=yes
ac_cv_header_utime_h=yes
ac_cv_lib_dl_main=yes
ac_cv_lib_pthread_main=yes
ac_cv_member_struct_stat_st_blksize=yes
ac_cv_objext=o
ac_cv_path_EGREP='/usr/bin/grep -E'
ac_cv_path_GREP=/usr/bin/grep
ac_cv_path_install='/usr/bin/install -c'
ac_cv_path_mkdir=/bin/mkdir
ac_cv_prog_AWK=gawk
ac_cv_prog_CPP='gcc -E'
ac_cv_prog_ac_ct_CC=gcc
ac_cv_prog_ac_ct_CXX=g++
ac_cv_prog_cc_c89=
ac_cv_prog_cc_g=yes
ac_cv_prog_cxx_g=yes
ac_cv_prog_make_make_set=yes
ac_cv_type__Bool=yes
ac_cv_type_mode_t=yes
ac_cv_type_off_t=yes
ac_cv_type_pid_t=yes
ac_cv_type_size_t=yes
ac_cv_type_ssize_t=yes
ac_cv_type_uid_t=yes
am_cv_CC_dependencies_compiler_type=gcc3
am_cv_CXX_dependencies_compiler_type=gcc3

## ----------------- ##
## Output variables. ##
## ----------------- ##

ACLOCAL='${SHELL} /home/yxf/check_realtime/src/missing --run aclocal-1.10'
AMDEPBACKSLASH='\'
AMDEP_FALSE='#'
AMDEP_TRUE=''
AMTAR='${SHELL} /home/yxf/check_realtime/src/missing --run tar'
AUTOCONF='${SHELL} /home/yxf/check_realtime/src/missing --run autoconf'
AUTOHEADER='${SHELL} /home/yxf/check_realtime/src/missing --run autoheader'
AUTOMAKE='${SHELL} /home/yxf/check_realtime/src/missing --run automake-1.10'
AWK='gawk'
CC='gcc'
CCDEPMODE='depmode=gcc3'
CFLAGS='-g -O0'
CPP='gcc -E'
CPPFLAGS=''
CXX='g++'
CXXDEPMODE='depmode=gcc3'
CXXFLAGS='-g -O0'
CYGPATH_W='echo'
DEFS='-DPACKAGE_NAME=\"file_check\" -DPACKAGE_TARNAME=\"file_check\" -DPACKAGE_VERSION=\"0.1\" -DPACKAGE_STRING=\"file_check\ 0.1\" -DPACKAGE_BUGREPORT=\"yuxiaofeng3@hisense.com\" -DPACKAGE=\"file_check\" -DVERSION=\"0.1\" -DHAVE_LIBDL=1 -DHAVE_LIBPTHREAD=1 -DSTDC_HEADERS=1 -DHAVE_SYS_TYPES_H=1 -DHAVE_SYS_STAT_H=1 -DHAVE_STDLIB_H=1 -DHAVE_STRING_H=1 -DHAVE_MEMORY_H=1 -DHAVE_STRINGS_H=1 -DHAVE_INTTYPES_H=1 -DHAVE_STDINT_H=1 -DHAVE_UNISTD_H=1 -DHAVE_FCNTL_H=1 -DHAVE_INTTYPES_H=1 -DHAVE_LIMITS_H=1 -DHAVE_MALLOC_H=1 -DHAVE_STDDEF_H=1 -DHAVE_STDINT_H=1 -DHAVE_STDLIB_H=1 -DHAVE_STRING_H=1 -DHAVE_SYS_FILE_H=1 -DHAVE_SYS_IOCTL_H=1 -DHAVE_SYS_MOUNT_H=1 -DHAVE_SYS_PARAM_H=1 -DHAVE_SYS_SOCKET_H=1 -DHAVE_SYS_TIME_H=1 -DHAVE_SYSLOG_H=1 -DHAVE_UNISTD_H=1 -DHAVE_UTIME_H=1 -DHAVE__BOOL=1 -DHAVE_STDBOOL_H=1 -DHAVE_STRUCT_STAT_ST_BLKSIZE=1 -DLSTAT_FOLLOWS_SLASHED_SYMLINK=1 -DHAVE_STDLIB_H=1 -DHAVE_MALLOC=1 -DHAVE_STDLIB_H=1 -DHAVE_UNISTD_H=1 -DHAVE_GETPAGESIZE=1 -DHAVE_MMAP=1 -DHAVE_STDLIB_H=1 -DHAVE_REALLOC=1 -DHAVE_DECL_STRERROR_R=1 -DHAVE_STRERROR_R=1 -DHAVE_FDATASYNC=1 -DHAVE_GETTIMEOFDAY=1 -DHAVE_LOCALTIME_R=1 -DHAVE_MEMMOVE=1 -DHAVE_MEMSET=1 -DHAVE_MKFIFO=1 -DHAVE_MUNMAP=1 -DHAVE_SOCKET=1 -DHAVE_STRDUP=1 -DHAVE_STRERROR=1 -DHAVE_STRRCHR=1 -DHAVE_STRSTR=1 -DHAVE_UTIME=1'
DEPDIR='.deps'
ECHO_C=''
ECHO_N='-n'
ECHO_T=''
EGREP='/usr/bin/grep -E'
EXEEXT=''
GREP='/usr/bin/grep'
INSTALL_DATA='${INSTALL} -m 644'
INSTALL_PROGRAM='${INSTALL}'
INSTALL_SCRIPT='${INSTALL}'
INSTALL_STRIP_PROGRAM='$(install_sh) -c -s'
LDFLAGS=''
LIBOBJS=''
LIBS='-lpthread -ldl '
LTLIBOBJS=''
MAKEINFO='${SHELL} /home/yxf/check_realtime/src/missing --run makeinfo'
MKDIR_P='/bin/mkdir -p'
OBJEXT='o'
PACKAGE='file_check'
PACKAGE_BUGREPORT='yuxiaofeng3@hisense.com'
PACKAGE_NAME='file_check'
PACKAGE_STRING='file_check 0.1'
PACKAGE_TARNAME='file_check'
PACKAGE_VERSION='0.1'
PATH_SEPARATOR=':'
SET_MAKE=''
SHELL='/bin/sh'
STRIP=''
VERSION='0.1'
ac_ct_CC='gcc'
ac_ct_CXX='g++'
am__fastdepCC_FALSE='#'
am__fastdepCC_TRUE=''
am__fastdepCXX_FALSE='#'
am__fastdepCXX_TRUE=''
am__include='include'
am__isrc=''
am__leading_dot='.'
am__quote=''
am__tar='${AMTAR} chof - "$$tardir"'
am__untar='${AMTAR} xf -'
bindir='${exec_prefix}/bin'
build_alias=''
datadir='${datarootdir}'
datarootdir='${prefix}/share'
docdir='${datarootdir}/doc/${PACKAGE_TARNAME}'
dvidir='${docdir}'
exec_prefix='${prefix}'
host_alias=''
htmldir='${docdir}'
includedir='${prefix}/include'
infodir='${datarootdir}/info'
install_sh='$(SHELL) /home/yxf/check_realtime/src/install-sh'
libdir='${exec_prefix}/lib'
libexecdir='${exec_prefix}/libexec'
localedir='${datarootdir}/locale'
localstatedir='${prefix}/var'
mandir='${datarootdir}/man'
mkdir_p='/bin/mkdir -p'
oldincludedir='/usr/include'
pdfdir='${docdir}'
prefix='/usr/local'
program_transform_name='s,x,x,'
psdir='${docdir}'
sbindir='${exec_prefix}/sbin'
sharedstatedir='${prefix}/com'
sysconfdir='${prefix}/etc'
target_alias=''

## ----------- ##
## confdefs.h. ##
## ----------- ##

#define PACKAGE_NAME "file_check"
#define PACKAGE_TARNAME "file_check"
#define PACKAGE_VERSION "0.1"
#define PACKAGE_STRING "file_check 0.1"
#define PACKAGE_BUGREPORT "yuxiaofeng3@hisense.com"
#define PACKAGE "file_check"
#define VERSION "0.1"
#define HAVE_LIBDL 1
#define HAVE_LIBPTHREAD 1
#define STDC_HEADERS 1
#define HAVE_SYS_TYPES_H 1
#define HAVE_SYS_STAT_H 1
#define HAVE_STDLIB_H 1
#define HAVE_STRING_H 1
#define HAVE_MEMORY_H 1
#define HAVE_STRINGS_H 1
#define HAVE_INTTYPES_H 1
#define HAVE_STDINT_H 1
#define HAVE_UNISTD_H 1
#define HAVE_FCNTL_H 1
#define HAVE_INTTYPES_H 1
#define HAVE_LIMITS_H 1
#define HAVE_MALLOC_H 1
#define HAVE_STDDEF_H 1
#define HAVE_STDINT_H 1
#define HAVE_STDLIB_H 1
#define HAVE_STRING_H 1
#define HAVE_SYS_FILE_H 1
#define HAVE_SYS_IOCTL_H 1
#define HAVE_SYS_MOUNT_H 1
#define HAVE_SYS_PARAM_H 1
#define HAVE_SYS_SOCKET_H 1
#define HAVE_SYS_TIME_H 1
#define HAVE_SYSLOG_H 1
#define HAVE_UNISTD_H 1
#define HAVE_UTIME_H 1
#define HAVE__BOOL 1
#define HAVE_STDBOOL_H 1
#define HAVE_STRUCT_STAT_ST_BLKSIZE 1
#define LSTAT_FOLLOWS_SLASHED_SYMLINK 1
#define HAVE_STDLIB_H 1
#define HAVE_MALLOC 1
#define HAVE_STDLIB_H 1
#define HAVE_UNISTD_H 1
#define HAVE_GETPAGESIZE 1
#define HAVE_MMAP 1
#define HAVE_STDLIB_H 1
#define HAVE_REALLOC 1
#define HAVE_DECL_STRERROR_R 1
#define HAVE_STRERROR_R 1
#define HAVE_FDATASYNC 1
#define HAVE_GETTIMEOFDAY 1
#define HAVE_LOCALTIME_R 1
#define HAVE_MEMMOVE 1
#define HAVE_MEMSET 1
#define HAVE_MKFIFO 1
#define HAVE_MUNMAP 1
#define HAVE_SOCKET 1
#define HAVE_STRDUP 1
#define HAVE_STRERROR 1
#define HAVE_STRRCHR 1
#define HAVE_STRSTR 1
#define HAVE_UTIME 1

configure: exit 0

## ---------------------- ##
## Running config.status. ##
## ---------------------- ##

This file was extended by file_check config.status 0.1, which was
generated by GNU Autoconf 2.63.  Invocation command line was

  CONFIG_FILES    = 
  CONFIG_HEADERS  = 
  CONFIG_LINKS    = 
  CONFIG_COMMANDS = 
  $ ./config.status Makefile depfiles

on bss-18

config.status:703: creating Makefile
config.status:914: executing depfiles commands
